2021-04-16 17:56:24,894 ERROR com.mkdevs.App [main] the program encountered a problem and has to close
java.util.NoSuchElementException: No line found
	at java.base/java.util.Scanner.nextLine(Scanner.java:1651)
	at com.mkdevs.io.UserIOStdIO.getIntegerInput(UserIOStdIO.java:18)
	at com.mkdevs.utils.IOUtil.getIDableFomMap(IOUtil.java:48)
	at com.mkdevs.utils.FunctionCaller.askAndCall(FunctionCaller.java:52)
	at com.mkdevs.App.run(App.java:68)
	at org.springframework.boot.SpringApplication.callRunner(SpringApplication.java:804)
	at org.springframework.boot.SpringApplication.callRunners(SpringApplication.java:788)
	at org.springframework.boot.SpringApplication.run(SpringApplication.java:333)
	at org.springframework.boot.SpringApplication.run(SpringApplication.java:1309)
	at org.springframework.boot.SpringApplication.run(SpringApplication.java:1298)
	at com.mkdevs.App.main(App.java:34)
2021-04-16 17:56:24,899 ERROR com.mkdevs.App [main] the program encountered a problem and has to close
java.util.NoSuchElementException: No line found
	at java.base/java.util.Scanner.nextLine(Scanner.java:1651)
	at com.mkdevs.io.UserIOStdIO.getIntegerInput(UserIOStdIO.java:18)
	at com.mkdevs.utils.IOUtil.getIDableFomMap(IOUtil.java:48)
	at com.mkdevs.utils.FunctionCaller.askAndCall(FunctionCaller.java:52)
	at com.mkdevs.App.run(App.java:68)
	at org.springframework.boot.SpringApplication.callRunner(SpringApplication.java:804)
	at org.springframework.boot.SpringApplication.callRunners(SpringApplication.java:788)
	at org.springframework.boot.SpringApplication.run(SpringApplication.java:333)
	at org.springframework.boot.SpringApplication.run(SpringApplication.java:1309)
	at org.springframework.boot.SpringApplication.run(SpringApplication.java:1298)
	at com.mkdevs.App.main(App.java:34)
2021-04-16 17:56:24,902 ERROR com.mkdevs.App [main] the program encountered a problem and has to close
java.util.NoSuchElementException: No line found
	at java.base/java.util.Scanner.nextLine(Scanner.java:1651)
	at com.mkdevs.io.UserIOStdIO.getIntegerInput(UserIOStdIO.java:18)
	at com.mkdevs.utils.IOUtil.getIDableFomMap(IOUtil.java:48)
	at com.mkdevs.utils.FunctionCaller.askAndCall(FunctionCaller.java:52)
	at com.mkdevs.App.run(App.java:68)
	at org.springframework.boot.SpringApplication.callRunner(SpringApplication.java:804)
	at org.springframework.boot.SpringApplication.callRunners(SpringApplication.java:788)
	at org.springframework.boot.SpringApplication.run(SpringApplication.java:333)
	at org.springframework.boot.SpringApplication.run(SpringApplication.java:1309)
	at org.springframework.boot.SpringApplication.run(SpringApplication.java:1298)
	at com.mkdevs.App.main(App.java:34)
2021-04-16 17:56:24,904 ERROR com.mkdevs.App [main] the program encountered a problem and has to close
java.util.NoSuchElementException: No line found
	at java.base/java.util.Scanner.nextLine(Scanner.java:1651)
	at com.mkdevs.io.UserIOStdIO.getIntegerInput(UserIOStdIO.java:18)
	at com.mkdevs.utils.IOUtil.getIDableFomMap(IOUtil.java:48)
	at com.mkdevs.utils.FunctionCaller.askAndCall(FunctionCaller.java:52)
	at com.mkdevs.App.run(App.java:68)
	at org.springframework.boot.SpringApplication.callRunner(SpringApplication.java:804)
	at org.springframework.boot.SpringApplication.callRunners(SpringApplication.java:788)
	at org.springframework.boot.SpringApplication.run(SpringApplication.java:333)
	at org.springframework.boot.SpringApplication.run(SpringApplication.java:1309)
	at org.springframework.boot.SpringApplication.run(SpringApplication.java:1298)
	at com.mkdevs.App.main(App.java:34)
2021-04-16 17:56:24,905 ERROR com.mkdevs.App [main] the program encountered a problem and has to close
java.util.NoSuchElementException: No line found
	at java.base/java.util.Scanner.nextLine(Scanner.java:1651)
	at com.mkdevs.io.UserIOStdIO.getIntegerInput(UserIOStdIO.java:18)
	at com.mkdevs.utils.IOUtil.getIDableFomMap(IOUtil.java:48)
	at com.mkdevs.utils.FunctionCaller.askAndCall(FunctionCaller.java:52)
	at com.mkdevs.App.run(App.java:68)
	at org.springframework.boot.SpringApplication.callRunner(SpringApplication.java:804)
	at org.springframework.boot.SpringApplication.callRunners(SpringApplication.java:788)
	at org.springframework.boot.SpringApplication.run(SpringApplication.java:333)
	at org.springframework.boot.SpringApplication.run(SpringApplication.java:1309)
	at org.springframework.boot.SpringApplication.run(SpringApplication.java:1298)
	at com.mkdevs.App.main(App.java:34)
2021-04-16 17:56:24,907 ERROR com.mkdevs.App [main] the program encountered a problem and has to close
java.util.NoSuchElementException: No line found
	at java.base/java.util.Scanner.nextLine(Scanner.java:1651)
	at com.mkdevs.io.UserIOStdIO.getIntegerInput(UserIOStdIO.java:18)
	at com.mkdevs.utils.IOUtil.getIDableFomMap(IOUtil.java:48)
	at com.mkdevs.utils.FunctionCaller.askAndCall(FunctionCaller.java:52)
	at com.mkdevs.App.run(App.java:68)
	at org.springframework.boot.SpringApplication.callRunner(SpringApplication.java:804)
	at org.springframework.boot.SpringApplication.callRunners(SpringApplication.java:788)
	at org.springframework.boot.SpringApplication.run(SpringApplication.java:333)
	at org.springframework.boot.SpringApplication.run(SpringApplication.java:1309)
	at org.springframework.boot.SpringApplication.run(SpringApplication.java:1298)
	at com.mkdevs.App.main(App.java:34)
2021-04-16 17:56:24,909 ERROR com.mkdevs.App [main] the program encountered a problem and has to close
java.util.NoSuchElementException: No line found
	at java.base/java.util.Scanner.nextLine(Scanner.java:1651)
	at com.mkdevs.io.UserIOStdIO.getIntegerInput(UserIOStdIO.java:18)
	at com.mkdevs.utils.IOUtil.getIDableFomMap(IOUtil.java:48)
	at com.mkdevs.utils.FunctionCaller.askAndCall(FunctionCaller.java:52)
	at com.mkdevs.App.run(App.java:68)
	at org.springframework.boot.SpringApplication.callRunner(SpringApplication.java:804)
	at org.springframework.boot.SpringApplication.callRunners(SpringApplication.java:788)
	at org.springframework.boot.SpringApplication.run(SpringApplication.java:333)
	at org.springframework.boot.SpringApplication.run(SpringApplication.java:1309)
	at org.springframework.boot.SpringApplication.run(SpringApplication.java:1298)
	at com.mkdevs.App.main(App.java:34)
2021-04-16 17:56:24,911 ERROR com.mkdevs.App [main] the program encountered a problem and has to close
java.util.NoSuchElementException: No line found
	at java.base/java.util.Scanner.nextLine(Scanner.java:1651)
	at com.mkdevs.io.UserIOStdIO.getIntegerInput(UserIOStdIO.java:18)
	at com.mkdevs.utils.IOUtil.getIDableFomMap(IOUtil.java:48)
	at com.mkdevs.utils.FunctionCaller.askAndCall(FunctionCaller.java:52)
	at com.mkdevs.App.run(App.java:68)
	at org.springframework.boot.SpringApplication.callRunner(SpringApplication.java:804)
	at org.springframework.boot.SpringApplication.callRunners(SpringApplication.java:788)
	at org.springframework.boot.SpringApplication.run(SpringApplication.java:333)
	at org.springframework.boot.SpringApplication.run(SpringApplication.java:1309)
	at org.springframework.boot.SpringApplication.run(SpringApplication.java:1298)
	at com.mkdevs.App.main(App.java:34)
2021-04-16 17:56:24,913 ERROR com.mkdevs.App [main] the program encountered a problem and has to close
java.util.NoSuchElementException: No line found
	at java.base/java.util.Scanner.nextLine(Scanner.java:1651)
	at com.mkdevs.io.UserIOStdIO.getIntegerInput(UserIOStdIO.java:18)
	at com.mkdevs.utils.IOUtil.getIDableFomMap(IOUtil.java:48)
	at com.mkdevs.utils.FunctionCaller.askAndCall(FunctionCaller.java:52)
	at com.mkdevs.App.run(App.java:68)
	at org.springframework.boot.SpringApplication.callRunner(SpringApplication.java:804)
	at org.springframework.boot.SpringApplication.callRunners(SpringApplication.java:788)
	at org.springframework.boot.SpringApplication.run(SpringApplication.java:333)
	at org.springframework.boot.SpringApplication.run(SpringApplication.java:1309)
	at org.springframework.boot.SpringApplication.run(SpringApplication.java:1298)
	at com.mkdevs.App.main(App.java:34)
2021-04-16 17:56:24,915 ERROR com.mkdevs.App [main] the program encountered a problem and has to close
java.util.NoSuchElementException: No line found
	at java.base/java.util.Scanner.nextLine(Scanner.java:1651)
	at com.mkdevs.io.UserIOStdIO.getIntegerInput(UserIOStdIO.java:18)
	at com.mkdevs.utils.IOUtil.getIDableFomMap(IOUtil.java:48)
	at com.mkdevs.utils.FunctionCaller.askAndCall(FunctionCaller.java:52)
	at com.mkdevs.App.run(App.java:68)
	at org.springframework.boot.SpringApplication.callRunner(SpringApplication.java:804)
	at org.springframework.boot.SpringApplication.callRunners(SpringApplication.java:788)
	at org.springframework.boot.SpringApplication.run(SpringApplication.java:333)
	at org.springframework.boot.SpringApplication.run(SpringApplication.java:1309)
	at org.springframework.boot.SpringApplication.run(SpringApplication.java:1298)
	at com.mkdevs.App.main(App.java:34)
2021-04-16 17:56:24,917 ERROR com.mkdevs.App [main] the program encountered a problem and has to close
java.util.NoSuchElementException: No line found
	at java.base/java.util.Scanner.nextLine(Scanner.java:1651)
	at com.mkdevs.io.UserIOStdIO.getIntegerInput(UserIOStdIO.java:18)
	at com.mkdevs.utils.IOUtil.getIDableFomMap(IOUtil.java:48)
	at com.mkdevs.utils.FunctionCaller.askAndCall(FunctionCaller.java:52)
	at com.mkdevs.App.run(App.java:68)
	at org.springframework.boot.SpringApplication.callRunner(SpringApplication.java:804)
	at org.springframework.boot.SpringApplication.callRunners(SpringApplication.java:788)
	at org.springframework.boot.SpringApplication.run(SpringApplication.java:333)
	at org.springframework.boot.SpringApplication.run(SpringApplication.java:1309)
	at org.springframework.boot.SpringApplication.run(SpringApplication.java:1298)
	at com.mkdevs.App.main(App.java:34)
2021-04-16 17:56:24,919 ERROR com.mkdevs.App [main] the program encountered a problem and has to close
java.util.NoSuchElementException: No line found
	at java.base/java.util.Scanner.nextLine(Scanner.java:1651)
	at com.mkdevs.io.UserIOStdIO.getIntegerInput(UserIOStdIO.java:18)
	at com.mkdevs.utils.IOUtil.getIDableFomMap(IOUtil.java:48)
	at com.mkdevs.utils.FunctionCaller.askAndCall(FunctionCaller.java:52)
	at com.mkdevs.App.run(App.java:68)
	at org.springframework.boot.SpringApplication.callRunner(SpringApplication.java:804)
	at org.springframework.boot.SpringApplication.callRunners(SpringApplication.java:788)
	at org.springframework.boot.SpringApplication.run(SpringApplication.java:333)
	at org.springframework.boot.SpringApplication.run(SpringApplication.java:1309)
	at org.springframework.boot.SpringApplication.run(SpringApplication.java:1298)
	at com.mkdevs.App.main(App.java:34)
2021-04-16 17:56:24,921 ERROR com.mkdevs.App [main] the program encountered a problem and has to close
java.util.NoSuchElementException: No line found
	at java.base/java.util.Scanner.nextLine(Scanner.java:1651)
	at com.mkdevs.io.UserIOStdIO.getIntegerInput(UserIOStdIO.java:18)
	at com.mkdevs.utils.IOUtil.getIDableFomMap(IOUtil.java:48)
	at com.mkdevs.utils.FunctionCaller.askAndCall(FunctionCaller.java:52)
	at com.mkdevs.App.run(App.java:68)
	at org.springframework.boot.SpringApplication.callRunner(SpringApplication.java:804)
	at org.springframework.boot.SpringApplication.callRunners(SpringApplication.java:788)
	at org.springframework.boot.SpringApplication.run(SpringApplication.java:333)
	at org.springframework.boot.SpringApplication.run(SpringApplication.java:1309)
	at org.springframework.boot.SpringApplication.run(SpringApplication.java:1298)
	at com.mkdevs.App.main(App.java:34)
2021-04-16 17:56:24,922 ERROR com.mkdevs.App [main] the program encountered a problem and has to close
java.util.NoSuchElementException: No line found
	at java.base/java.util.Scanner.nextLine(Scanner.java:1651)
	at com.mkdevs.io.UserIOStdIO.getIntegerInput(UserIOStdIO.java:18)
	at com.mkdevs.utils.IOUtil.getIDableFomMap(IOUtil.java:48)
	at com.mkdevs.utils.FunctionCaller.askAndCall(FunctionCaller.java:52)
	at com.mkdevs.App.run(App.java:68)
	at org.springframework.boot.SpringApplication.callRunner(SpringApplication.java:804)
	at org.springframework.boot.SpringApplication.callRunners(SpringApplication.java:788)
	at org.springframework.boot.SpringApplication.run(SpringApplication.java:333)
	at org.springframework.boot.SpringApplication.run(SpringApplication.java:1309)
	at org.springframework.boot.SpringApplication.run(SpringApplication.java:1298)
	at com.mkdevs.App.main(App.java:34)
2021-04-16 17:56:24,924 ERROR com.mkdevs.App [main] the program encountered a problem and has to close
java.util.NoSuchElementException: No line found
	at java.base/java.util.Scanner.nextLine(Scanner.java:1651)
	at com.mkdevs.io.UserIOStdIO.getIntegerInput(UserIOStdIO.java:18)
	at com.mkdevs.utils.IOUtil.getIDableFomMap(IOUtil.java:48)
	at com.mkdevs.utils.FunctionCaller.askAndCall(FunctionCaller.java:52)
	at com.mkdevs.App.run(App.java:68)
	at org.springframework.boot.SpringApplication.callRunner(SpringApplication.java:804)
	at org.springframework.boot.SpringApplication.callRunners(SpringApplication.java:788)
	at org.springframework.boot.SpringApplication.run(SpringApplication.java:333)
	at org.springframework.boot.SpringApplication.run(SpringApplication.java:1309)
	at org.springframework.boot.SpringApplication.run(SpringApplication.java:1298)
	at com.mkdevs.App.main(App.java:34)
2021-04-16 17:56:24,926 ERROR com.mkdevs.App [main] the program encountered a problem and has to close
java.util.NoSuchElementException: No line found
	at java.base/java.util.Scanner.nextLine(Scanner.java:1651)
	at com.mkdevs.io.UserIOStdIO.getIntegerInput(UserIOStdIO.java:18)
	at com.mkdevs.utils.IOUtil.getIDableFomMap(IOUtil.java:48)
	at com.mkdevs.utils.FunctionCaller.askAndCall(FunctionCaller.java:52)
	at com.mkdevs.App.run(App.java:68)
	at org.springframework.boot.SpringApplication.callRunner(SpringApplication.java:804)
	at org.springframework.boot.SpringApplication.callRunners(SpringApplication.java:788)
	at org.springframework.boot.SpringApplication.run(SpringApplication.java:333)
	at org.springframework.boot.SpringApplication.run(SpringApplication.java:1309)
	at org.springframework.boot.SpringApplication.run(SpringApplication.java:1298)
	at com.mkdevs.App.main(App.java:34)
2021-04-16 17:56:24,928 ERROR com.mkdevs.App [main] the program encountered a problem and has to close
java.util.NoSuchElementException: No line found
	at java.base/java.util.Scanner.nextLine(Scanner.java:1651)
	at com.mkdevs.io.UserIOStdIO.getIntegerInput(UserIOStdIO.java:18)
	at com.mkdevs.utils.IOUtil.getIDableFomMap(IOUtil.java:48)
	at com.mkdevs.utils.FunctionCaller.askAndCall(FunctionCaller.java:52)
	at com.mkdevs.App.run(App.java:68)
	at org.springframework.boot.SpringApplication.callRunner(SpringApplication.java:804)
	at org.springframework.boot.SpringApplication.callRunners(SpringApplication.java:788)
	at org.springframework.boot.SpringApplication.run(SpringApplication.java:333)
	at org.springframework.boot.SpringApplication.run(SpringApplication.java:1309)
	at org.springframework.boot.SpringApplication.run(SpringApplication.java:1298)
	at com.mkdevs.App.main(App.java:34)
2021-04-16 17:56:24,929 ERROR com.mkdevs.App [main] the program encountered a problem and has to close
java.util.NoSuchElementException: No line found
	at java.base/java.util.Scanner.nextLine(Scanner.java:1651)
	at com.mkdevs.io.UserIOStdIO.getIntegerInput(UserIOStdIO.java:18)
	at com.mkdevs.utils.IOUtil.getIDableFomMap(IOUtil.java:48)
	at com.mkdevs.utils.FunctionCaller.askAndCall(FunctionCaller.java:52)
	at com.mkdevs.App.run(App.java:68)
	at org.springframework.boot.SpringApplication.callRunner(SpringApplication.java:804)
	at org.springframework.boot.SpringApplication.callRunners(SpringApplication.java:788)
	at org.springframework.boot.SpringApplication.run(SpringApplication.java:333)
	at org.springframework.boot.SpringApplication.run(SpringApplication.java:1309)
	at org.springframework.boot.SpringApplication.run(SpringApplication.java:1298)
	at com.mkdevs.App.main(App.java:34)
2021-04-16 17:56:24,931 ERROR com.mkdevs.App [main] the program encountered a problem and has to close
java.util.NoSuchElementException: No line found
	at java.base/java.util.Scanner.nextLine(Scanner.java:1651)
	at com.mkdevs.io.UserIOStdIO.getIntegerInput(UserIOStdIO.java:18)
	at com.mkdevs.utils.IOUtil.getIDableFomMap(IOUtil.java:48)
	at com.mkdevs.utils.FunctionCaller.askAndCall(FunctionCaller.java:52)
	at com.mkdevs.App.run(App.java:68)
	at org.springframework.boot.SpringApplication.callRunner(SpringApplication.java:804)
	at org.springframework.boot.SpringApplication.callRunners(SpringApplication.java:788)
	at org.springframework.boot.SpringApplication.run(SpringApplication.java:333)
	at org.springframework.boot.SpringApplication.run(SpringApplication.java:1309)
	at org.springframework.boot.SpringApplication.run(SpringApplication.java:1298)
	at com.mkdevs.App.main(App.java:34)
2021-04-16 17:56:24,932 ERROR com.mkdevs.App [main] the program encountered a problem and has to close
java.util.NoSuchElementException: No line found
	at java.base/java.util.Scanner.nextLine(Scanner.java:1651)
	at com.mkdevs.io.UserIOStdIO.getIntegerInput(UserIOStdIO.java:18)
	at com.mkdevs.utils.IOUtil.getIDableFomMap(IOUtil.java:48)
	at com.mkdevs.utils.FunctionCaller.askAndCall(FunctionCaller.java:52)
	at com.mkdevs.App.run(App.java:68)
	at org.springframework.boot.SpringApplication.callRunner(SpringApplication.java:804)
	at org.springframework.boot.SpringApplication.callRunners(SpringApplication.java:788)
	at org.springframework.boot.SpringApplication.run(SpringApplication.java:333)
	at org.springframework.boot.SpringApplication.run(SpringApplication.java:1309)
	at org.springframework.boot.SpringApplication.run(SpringApplication.java:1298)
	at com.mkdevs.App.main(App.java:34)
2021-04-16 17:56:24,934 ERROR com.mkdevs.App [main] the program encountered a problem and has to close
java.util.NoSuchElementException: No line found
	at java.base/java.util.Scanner.nextLine(Scanner.java:1651)
	at com.mkdevs.io.UserIOStdIO.getIntegerInput(UserIOStdIO.java:18)
	at com.mkdevs.utils.IOUtil.getIDableFomMap(IOUtil.java:48)
	at com.mkdevs.utils.FunctionCaller.askAndCall(FunctionCaller.java:52)
	at com.mkdevs.App.run(App.java:68)
	at org.springframework.boot.SpringApplication.callRunner(SpringApplication.java:804)
	at org.springframework.boot.SpringApplication.callRunners(SpringApplication.java:788)
	at org.springframework.boot.SpringApplication.run(SpringApplication.java:333)
	at org.springframework.boot.SpringApplication.run(SpringApplication.java:1309)
	at org.springframework.boot.SpringApplication.run(SpringApplication.java:1298)
	at com.mkdevs.App.main(App.java:34)
2021-04-16 17:56:24,935 ERROR com.mkdevs.App [main] the program encountered a problem and has to close
java.util.NoSuchElementException: No line found
	at java.base/java.util.Scanner.nextLine(Scanner.java:1651)
	at com.mkdevs.io.UserIOStdIO.getIntegerInput(UserIOStdIO.java:18)
	at com.mkdevs.utils.IOUtil.getIDableFomMap(IOUtil.java:48)
	at com.mkdevs.utils.FunctionCaller.askAndCall(FunctionCaller.java:52)
	at com.mkdevs.App.run(App.java:68)
	at org.springframework.boot.SpringApplication.callRunner(SpringApplication.java:804)
	at org.springframework.boot.SpringApplication.callRunners(SpringApplication.java:788)
	at org.springframework.boot.SpringApplication.run(SpringApplication.java:333)
	at org.springframework.boot.SpringApplication.run(SpringApplication.java:1309)
	at org.springframework.boot.SpringApplication.run(SpringApplication.java:1298)
	at com.mkdevs.App.main(App.java:34)
2021-04-16 17:56:24,937 ERROR com.mkdevs.App [main] the program encountered a problem and has to close
java.util.NoSuchElementException: No line found
	at java.base/java.util.Scanner.nextLine(Scanner.java:1651)
	at com.mkdevs.io.UserIOStdIO.getIntegerInput(UserIOStdIO.java:18)
	at com.mkdevs.utils.IOUtil.getIDableFomMap(IOUtil.java:48)
	at com.mkdevs.utils.FunctionCaller.askAndCall(FunctionCaller.java:52)
	at com.mkdevs.App.run(App.java:68)
	at org.springframework.boot.SpringApplication.callRunner(SpringApplication.java:804)
	at org.springframework.boot.SpringApplication.callRunners(SpringApplication.java:788)
	at org.springframework.boot.SpringApplication.run(SpringApplication.java:333)
	at org.springframework.boot.SpringApplication.run(SpringApplication.java:1309)
	at org.springframework.boot.SpringApplication.run(SpringApplication.java:1298)
	at com.mkdevs.App.main(App.java:34)
2021-04-16 17:56:24,943 ERROR com.mkdevs.App [main] the program encountered a problem and has to close
java.util.NoSuchElementException: No line found
	at java.base/java.util.Scanner.nextLine(Scanner.java:1651)
	at com.mkdevs.io.UserIOStdIO.getIntegerInput(UserIOStdIO.java:18)
	at com.mkdevs.utils.IOUtil.getIDableFomMap(IOUtil.java:48)
	at com.mkdevs.utils.FunctionCaller.askAndCall(FunctionCaller.java:52)
	at com.mkdevs.App.run(App.java:68)
	at org.springframework.boot.SpringApplication.callRunner(SpringApplication.java:804)
	at org.springframework.boot.SpringApplication.callRunners(SpringApplication.java:788)
	at org.springframework.boot.SpringApplication.run(SpringApplication.java:333)
	at org.springframework.boot.SpringApplication.run(SpringApplication.java:1309)
	at org.springframework.boot.SpringApplication.run(SpringApplication.java:1298)
	at com.mkdevs.App.main(App.java:34)
2021-04-16 17:56:24,946 ERROR com.mkdevs.App [main] the program encountered a problem and has to close
java.util.NoSuchElementException: No line found
	at java.base/java.util.Scanner.nextLine(Scanner.java:1651)
	at com.mkdevs.io.UserIOStdIO.getIntegerInput(UserIOStdIO.java:18)
	at com.mkdevs.utils.IOUtil.getIDableFomMap(IOUtil.java:48)
	at com.mkdevs.utils.FunctionCaller.askAndCall(FunctionCaller.java:52)
	at com.mkdevs.App.run(App.java:68)
	at org.springframework.boot.SpringApplication.callRunner(SpringApplication.java:804)
	at org.springframework.boot.SpringApplication.callRunners(SpringApplication.java:788)
	at org.springframework.boot.SpringApplication.run(SpringApplication.java:333)
	at org.springframework.boot.SpringApplication.run(SpringApplication.java:1309)
	at org.springframework.boot.SpringApplication.run(SpringApplication.java:1298)
	at com.mkdevs.App.main(App.java:34)
2021-04-16 17:56:44,039 INFO org.springframework.boot.StartupInfoLogger [main] Starting App using Java 11.0.8 on mike-ThinkPad-X220 with PID 23611 (/home/mike/Dropbox/JavaProjects/oop-demo/target/classes started by mike in /home/mike/Dropbox/JavaProjects/oop-demo)
2021-04-16 17:56:44,044 INFO org.springframework.boot.SpringApplication [main] No active profile set, falling back to default profiles: default
2021-04-16 17:56:44,888 INFO org.springframework.boot.StartupInfoLogger [main] Started App in 1.621 seconds (JVM running for 2.218)
2021-04-16 17:57:41,774 ERROR org.springframework.boot.SpringApplication [main] Application run failed
java.lang.IllegalStateException: java.lang.IllegalStateException: Logback configuration error detected: 
ERROR in ch.qos.logback.core.ConsoleAppender[Console] - No encoder set for the appender named "Console".
	at org.springframework.boot.context.logging.LoggingApplicationListener.initializeSystem(LoggingApplicationListener.java:327)
	at org.springframework.boot.context.logging.LoggingApplicationListener.initialize(LoggingApplicationListener.java:281)
	at org.springframework.boot.context.logging.LoggingApplicationListener.onApplicationEnvironmentPreparedEvent(LoggingApplicationListener.java:239)
	at org.springframework.boot.context.logging.LoggingApplicationListener.onApplicationEvent(LoggingApplicationListener.java:216)
	at org.springframework.context.event.SimpleApplicationEventMulticaster.doInvokeListener(SimpleApplicationEventMulticaster.java:203)
	at org.springframework.context.event.SimpleApplicationEventMulticaster.invokeListener(SimpleApplicationEventMulticaster.java:196)
	at org.springframework.context.event.SimpleApplicationEventMulticaster.multicastEvent(SimpleApplicationEventMulticaster.java:170)
	at org.springframework.context.event.SimpleApplicationEventMulticaster.multicastEvent(SimpleApplicationEventMulticaster.java:148)
	at org.springframework.boot.context.event.EventPublishingRunListener.environmentPrepared(EventPublishingRunListener.java:82)
	at org.springframework.boot.SpringApplicationRunListeners.lambda$environmentPrepared$2(SpringApplicationRunListeners.java:63)
	at java.base/java.util.ArrayList.forEach(ArrayList.java:1541)
	at org.springframework.boot.SpringApplicationRunListeners.doWithListeners(SpringApplicationRunListeners.java:117)
	at org.springframework.boot.SpringApplicationRunListeners.doWithListeners(SpringApplicationRunListeners.java:111)
	at org.springframework.boot.SpringApplicationRunListeners.environmentPrepared(SpringApplicationRunListeners.java:62)
	at org.springframework.boot.SpringApplication.prepareEnvironment(SpringApplication.java:362)
	at org.springframework.boot.SpringApplication.run(SpringApplication.java:320)
	at org.springframework.boot.SpringApplication.run(SpringApplication.java:1309)
	at org.springframework.boot.SpringApplication.run(SpringApplication.java:1298)
	at com.mkdevs.App.main(App.java:34)
Caused by: java.lang.IllegalStateException: Logback configuration error detected: 
ERROR in ch.qos.logback.core.ConsoleAppender[Console] - No encoder set for the appender named "Console".
	at org.springframework.boot.logging.logback.LogbackLoggingSystem.loadConfiguration(LogbackLoggingSystem.java:175)
	at org.springframework.boot.logging.AbstractLoggingSystem.initializeWithConventions(AbstractLoggingSystem.java:80)
	at org.springframework.boot.logging.AbstractLoggingSystem.initialize(AbstractLoggingSystem.java:60)
	at org.springframework.boot.logging.logback.LogbackLoggingSystem.initialize(LogbackLoggingSystem.java:131)
	at org.springframework.boot.context.logging.LoggingApplicationListener.initializeSystem(LoggingApplicationListener.java:312)
	... 18 common frames omitted
2021-04-16 17:58:15,130 ERROR org.springframework.boot.SpringApplication [main] Application run failed
java.lang.IllegalStateException: java.lang.IllegalStateException: Logback configuration error detected: 
ERROR in ch.qos.logback.classic.PatternLayout("null") - Empty or null pattern.
	at org.springframework.boot.context.logging.LoggingApplicationListener.initializeSystem(LoggingApplicationListener.java:327)
	at org.springframework.boot.context.logging.LoggingApplicationListener.initialize(LoggingApplicationListener.java:281)
	at org.springframework.boot.context.logging.LoggingApplicationListener.onApplicationEnvironmentPreparedEvent(LoggingApplicationListener.java:239)
	at org.springframework.boot.context.logging.LoggingApplicationListener.onApplicationEvent(LoggingApplicationListener.java:216)
	at org.springframework.context.event.SimpleApplicationEventMulticaster.doInvokeListener(SimpleApplicationEventMulticaster.java:203)
	at org.springframework.context.event.SimpleApplicationEventMulticaster.invokeListener(SimpleApplicationEventMulticaster.java:196)
	at org.springframework.context.event.SimpleApplicationEventMulticaster.multicastEvent(SimpleApplicationEventMulticaster.java:170)
	at org.springframework.context.event.SimpleApplicationEventMulticaster.multicastEvent(SimpleApplicationEventMulticaster.java:148)
	at org.springframework.boot.context.event.EventPublishingRunListener.environmentPrepared(EventPublishingRunListener.java:82)
	at org.springframework.boot.SpringApplicationRunListeners.lambda$environmentPrepared$2(SpringApplicationRunListeners.java:63)
	at java.base/java.util.ArrayList.forEach(ArrayList.java:1541)
	at org.springframework.boot.SpringApplicationRunListeners.doWithListeners(SpringApplicationRunListeners.java:117)
	at org.springframework.boot.SpringApplicationRunListeners.doWithListeners(SpringApplicationRunListeners.java:111)
	at org.springframework.boot.SpringApplicationRunListeners.environmentPrepared(SpringApplicationRunListeners.java:62)
	at org.springframework.boot.SpringApplication.prepareEnvironment(SpringApplication.java:362)
	at org.springframework.boot.SpringApplication.run(SpringApplication.java:320)
	at org.springframework.boot.SpringApplication.run(SpringApplication.java:1309)
	at org.springframework.boot.SpringApplication.run(SpringApplication.java:1298)
	at com.mkdevs.App.main(App.java:34)
Caused by: java.lang.IllegalStateException: Logback configuration error detected: 
ERROR in ch.qos.logback.classic.PatternLayout("null") - Empty or null pattern.
	at org.springframework.boot.logging.logback.LogbackLoggingSystem.loadConfiguration(LogbackLoggingSystem.java:175)
	at org.springframework.boot.logging.AbstractLoggingSystem.initializeWithConventions(AbstractLoggingSystem.java:80)
	at org.springframework.boot.logging.AbstractLoggingSystem.initialize(AbstractLoggingSystem.java:60)
	at org.springframework.boot.logging.logback.LogbackLoggingSystem.initialize(LogbackLoggingSystem.java:131)
	at org.springframework.boot.context.logging.LoggingApplicationListener.initializeSystem(LoggingApplicationListener.java:312)
	... 18 common frames omitted
2021-04-16 18:03:22,028 INFO org.springframework.boot.StartupInfoLogger [main] Starting App using Java 11.0.8 on mike-ThinkPad-X220 with PID 24142 (/home/mike/Dropbox/JavaProjects/oop-demo/target/classes started by mike in /home/mike/Dropbox/JavaProjects/oop-demo)
2021-04-16 18:03:22,033 INFO org.springframework.boot.SpringApplication [main] No active profile set, falling back to default profiles: default
2021-04-16 18:03:22,894 INFO org.springframework.boot.StartupInfoLogger [main] Started App in 1.813 seconds (JVM running for 2.378)
2021-04-16 18:03:56,032 ERROR com.mkdevs.App [main] the program encountered a problem and has to close
java.util.NoSuchElementException: No line found
	at java.base/java.util.Scanner.nextLine(Scanner.java:1651)
	at com.mkdevs.io.UserIOStdIO.getIntegerInput(UserIOStdIO.java:18)
	at com.mkdevs.utils.IOUtil.getIDableFomMap(IOUtil.java:48)
	at com.mkdevs.utils.FunctionCaller.askAndCall(FunctionCaller.java:52)
	at com.mkdevs.App.run(App.java:68)
	at org.springframework.boot.SpringApplication.callRunner(SpringApplication.java:804)
	at org.springframework.boot.SpringApplication.callRunners(SpringApplication.java:788)
	at org.springframework.boot.SpringApplication.run(SpringApplication.java:333)
	at org.springframework.boot.SpringApplication.run(SpringApplication.java:1309)
	at org.springframework.boot.SpringApplication.run(SpringApplication.java:1298)
	at com.mkdevs.App.main(App.java:34)
2021-04-16 18:03:56,036 ERROR com.mkdevs.App [main] the program encountered a problem and has to close
java.util.NoSuchElementException: No line found
	at java.base/java.util.Scanner.nextLine(Scanner.java:1651)
	at com.mkdevs.io.UserIOStdIO.getIntegerInput(UserIOStdIO.java:18)
	at com.mkdevs.utils.IOUtil.getIDableFomMap(IOUtil.java:48)
	at com.mkdevs.utils.FunctionCaller.askAndCall(FunctionCaller.java:52)
	at com.mkdevs.App.run(App.java:68)
	at org.springframework.boot.SpringApplication.callRunner(SpringApplication.java:804)
	at org.springframework.boot.SpringApplication.callRunners(SpringApplication.java:788)
	at org.springframework.boot.SpringApplication.run(SpringApplication.java:333)
	at org.springframework.boot.SpringApplication.run(SpringApplication.java:1309)
	at org.springframework.boot.SpringApplication.run(SpringApplication.java:1298)
	at com.mkdevs.App.main(App.java:34)
2021-04-16 18:03:56,038 ERROR com.mkdevs.App [main] the program encountered a problem and has to close
java.util.NoSuchElementException: No line found
	at java.base/java.util.Scanner.nextLine(Scanner.java:1651)
	at com.mkdevs.io.UserIOStdIO.getIntegerInput(UserIOStdIO.java:18)
	at com.mkdevs.utils.IOUtil.getIDableFomMap(IOUtil.java:48)
	at com.mkdevs.utils.FunctionCaller.askAndCall(FunctionCaller.java:52)
	at com.mkdevs.App.run(App.java:68)
	at org.springframework.boot.SpringApplication.callRunner(SpringApplication.java:804)
	at org.springframework.boot.SpringApplication.callRunners(SpringApplication.java:788)
	at org.springframework.boot.SpringApplication.run(SpringApplication.java:333)
	at org.springframework.boot.SpringApplication.run(SpringApplication.java:1309)
	at org.springframework.boot.SpringApplication.run(SpringApplication.java:1298)
	at com.mkdevs.App.main(App.java:34)
2021-04-16 18:03:56,041 ERROR com.mkdevs.App [main] the program encountered a problem and has to close
java.util.NoSuchElementException: No line found
	at java.base/java.util.Scanner.nextLine(Scanner.java:1651)
	at com.mkdevs.io.UserIOStdIO.getIntegerInput(UserIOStdIO.java:18)
	at com.mkdevs.utils.IOUtil.getIDableFomMap(IOUtil.java:48)
	at com.mkdevs.utils.FunctionCaller.askAndCall(FunctionCaller.java:52)
	at com.mkdevs.App.run(App.java:68)
	at org.springframework.boot.SpringApplication.callRunner(SpringApplication.java:804)
	at org.springframework.boot.SpringApplication.callRunners(SpringApplication.java:788)
	at org.springframework.boot.SpringApplication.run(SpringApplication.java:333)
	at org.springframework.boot.SpringApplication.run(SpringApplication.java:1309)
	at org.springframework.boot.SpringApplication.run(SpringApplication.java:1298)
	at com.mkdevs.App.main(App.java:34)
2021-04-16 18:03:56,047 ERROR com.mkdevs.App [main] the program encountered a problem and has to close
java.util.NoSuchElementException: No line found
	at java.base/java.util.Scanner.nextLine(Scanner.java:1651)
	at com.mkdevs.io.UserIOStdIO.getIntegerInput(UserIOStdIO.java:18)
	at com.mkdevs.utils.IOUtil.getIDableFomMap(IOUtil.java:48)
	at com.mkdevs.utils.FunctionCaller.askAndCall(FunctionCaller.java:52)
	at com.mkdevs.App.run(App.java:68)
	at org.springframework.boot.SpringApplication.callRunner(SpringApplication.java:804)
	at org.springframework.boot.SpringApplication.callRunners(SpringApplication.java:788)
	at org.springframework.boot.SpringApplication.run(SpringApplication.java:333)
	at org.springframework.boot.SpringApplication.run(SpringApplication.java:1309)
	at org.springframework.boot.SpringApplication.run(SpringApplication.java:1298)
	at com.mkdevs.App.main(App.java:34)
2021-04-16 18:03:56,050 ERROR com.mkdevs.App [main] the program encountered a problem and has to close
java.util.NoSuchElementException: No line found
	at java.base/java.util.Scanner.nextLine(Scanner.java:1651)
	at com.mkdevs.io.UserIOStdIO.getIntegerInput(UserIOStdIO.java:18)
	at com.mkdevs.utils.IOUtil.getIDableFomMap(IOUtil.java:48)
	at com.mkdevs.utils.FunctionCaller.askAndCall(FunctionCaller.java:52)
	at com.mkdevs.App.run(App.java:68)
	at org.springframework.boot.SpringApplication.callRunner(SpringApplication.java:804)
	at org.springframework.boot.SpringApplication.callRunners(SpringApplication.java:788)
	at org.springframework.boot.SpringApplication.run(SpringApplication.java:333)
	at org.springframework.boot.SpringApplication.run(SpringApplication.java:1309)
	at org.springframework.boot.SpringApplication.run(SpringApplication.java:1298)
	at com.mkdevs.App.main(App.java:34)
2021-04-16 18:03:56,052 ERROR com.mkdevs.App [main] the program encountered a problem and has to close
java.util.NoSuchElementException: No line found
	at java.base/java.util.Scanner.nextLine(Scanner.java:1651)
	at com.mkdevs.io.UserIOStdIO.getIntegerInput(UserIOStdIO.java:18)
	at com.mkdevs.utils.IOUtil.getIDableFomMap(IOUtil.java:48)
	at com.mkdevs.utils.FunctionCaller.askAndCall(FunctionCaller.java:52)
	at com.mkdevs.App.run(App.java:68)
	at org.springframework.boot.SpringApplication.callRunner(SpringApplication.java:804)
	at org.springframework.boot.SpringApplication.callRunners(SpringApplication.java:788)
	at org.springframework.boot.SpringApplication.run(SpringApplication.java:333)
	at org.springframework.boot.SpringApplication.run(SpringApplication.java:1309)
	at org.springframework.boot.SpringApplication.run(SpringApplication.java:1298)
	at com.mkdevs.App.main(App.java:34)
2021-04-16 18:03:56,053 ERROR com.mkdevs.App [main] the program encountered a problem and has to close
java.util.NoSuchElementException: No line found
	at java.base/java.util.Scanner.nextLine(Scanner.java:1651)
	at com.mkdevs.io.UserIOStdIO.getIntegerInput(UserIOStdIO.java:18)
	at com.mkdevs.utils.IOUtil.getIDableFomMap(IOUtil.java:48)
	at com.mkdevs.utils.FunctionCaller.askAndCall(FunctionCaller.java:52)
	at com.mkdevs.App.run(App.java:68)
	at org.springframework.boot.SpringApplication.callRunner(SpringApplication.java:804)
	at org.springframework.boot.SpringApplication.callRunners(SpringApplication.java:788)
	at org.springframework.boot.SpringApplication.run(SpringApplication.java:333)
	at org.springframework.boot.SpringApplication.run(SpringApplication.java:1309)
	at org.springframework.boot.SpringApplication.run(SpringApplication.java:1298)
	at com.mkdevs.App.main(App.java:34)
2021-04-16 18:03:56,055 ERROR com.mkdevs.App [main] the program encountered a problem and has to close
java.util.NoSuchElementException: No line found
	at java.base/java.util.Scanner.nextLine(Scanner.java:1651)
	at com.mkdevs.io.UserIOStdIO.getIntegerInput(UserIOStdIO.java:18)
	at com.mkdevs.utils.IOUtil.getIDableFomMap(IOUtil.java:48)
	at com.mkdevs.utils.FunctionCaller.askAndCall(FunctionCaller.java:52)
	at com.mkdevs.App.run(App.java:68)
	at org.springframework.boot.SpringApplication.callRunner(SpringApplication.java:804)
	at org.springframework.boot.SpringApplication.callRunners(SpringApplication.java:788)
	at org.springframework.boot.SpringApplication.run(SpringApplication.java:333)
	at org.springframework.boot.SpringApplication.run(SpringApplication.java:1309)
	at org.springframework.boot.SpringApplication.run(SpringApplication.java:1298)
	at com.mkdevs.App.main(App.java:34)
2021-04-16 18:03:56,057 ERROR com.mkdevs.App [main] the program encountered a problem and has to close
java.util.NoSuchElementException: No line found
	at java.base/java.util.Scanner.nextLine(Scanner.java:1651)
	at com.mkdevs.io.UserIOStdIO.getIntegerInput(UserIOStdIO.java:18)
	at com.mkdevs.utils.IOUtil.getIDableFomMap(IOUtil.java:48)
	at com.mkdevs.utils.FunctionCaller.askAndCall(FunctionCaller.java:52)
	at com.mkdevs.App.run(App.java:68)
	at org.springframework.boot.SpringApplication.callRunner(SpringApplication.java:804)
	at org.springframework.boot.SpringApplication.callRunners(SpringApplication.java:788)
	at org.springframework.boot.SpringApplication.run(SpringApplication.java:333)
	at org.springframework.boot.SpringApplication.run(SpringApplication.java:1309)
	at org.springframework.boot.SpringApplication.run(SpringApplication.java:1298)
	at com.mkdevs.App.main(App.java:34)
2021-04-16 18:03:56,058 ERROR com.mkdevs.App [main] the program encountered a problem and has to close
java.util.NoSuchElementException: No line found
	at java.base/java.util.Scanner.nextLine(Scanner.java:1651)
	at com.mkdevs.io.UserIOStdIO.getIntegerInput(UserIOStdIO.java:18)
	at com.mkdevs.utils.IOUtil.getIDableFomMap(IOUtil.java:48)
	at com.mkdevs.utils.FunctionCaller.askAndCall(FunctionCaller.java:52)
	at com.mkdevs.App.run(App.java:68)
	at org.springframework.boot.SpringApplication.callRunner(SpringApplication.java:804)
	at org.springframework.boot.SpringApplication.callRunners(SpringApplication.java:788)
	at org.springframework.boot.SpringApplication.run(SpringApplication.java:333)
	at org.springframework.boot.SpringApplication.run(SpringApplication.java:1309)
	at org.springframework.boot.SpringApplication.run(SpringApplication.java:1298)
	at com.mkdevs.App.main(App.java:34)
2021-04-16 18:03:56,060 ERROR com.mkdevs.App [main] the program encountered a problem and has to close
java.util.NoSuchElementException: No line found
	at java.base/java.util.Scanner.nextLine(Scanner.java:1651)
	at com.mkdevs.io.UserIOStdIO.getIntegerInput(UserIOStdIO.java:18)
	at com.mkdevs.utils.IOUtil.getIDableFomMap(IOUtil.java:48)
	at com.mkdevs.utils.FunctionCaller.askAndCall(FunctionCaller.java:52)
	at com.mkdevs.App.run(App.java:68)
	at org.springframework.boot.SpringApplication.callRunner(SpringApplication.java:804)
	at org.springframework.boot.SpringApplication.callRunners(SpringApplication.java:788)
	at org.springframework.boot.SpringApplication.run(SpringApplication.java:333)
	at org.springframework.boot.SpringApplication.run(SpringApplication.java:1309)
	at org.springframework.boot.SpringApplication.run(SpringApplication.java:1298)
	at com.mkdevs.App.main(App.java:34)
2021-04-16 18:03:56,061 ERROR com.mkdevs.App [main] the program encountered a problem and has to close
java.util.NoSuchElementException: No line found
	at java.base/java.util.Scanner.nextLine(Scanner.java:1651)
	at com.mkdevs.io.UserIOStdIO.getIntegerInput(UserIOStdIO.java:18)
	at com.mkdevs.utils.IOUtil.getIDableFomMap(IOUtil.java:48)
	at com.mkdevs.utils.FunctionCaller.askAndCall(FunctionCaller.java:52)
	at com.mkdevs.App.run(App.java:68)
	at org.springframework.boot.SpringApplication.callRunner(SpringApplication.java:804)
	at org.springframework.boot.SpringApplication.callRunners(SpringApplication.java:788)
	at org.springframework.boot.SpringApplication.run(SpringApplication.java:333)
	at org.springframework.boot.SpringApplication.run(SpringApplication.java:1309)
	at org.springframework.boot.SpringApplication.run(SpringApplication.java:1298)
	at com.mkdevs.App.main(App.java:34)
2021-04-16 18:03:56,068 ERROR com.mkdevs.App [main] the program encountered a problem and has to close
java.util.NoSuchElementException: No line found
	at java.base/java.util.Scanner.nextLine(Scanner.java:1651)
	at com.mkdevs.io.UserIOStdIO.getIntegerInput(UserIOStdIO.java:18)
	at com.mkdevs.utils.IOUtil.getIDableFomMap(IOUtil.java:48)
	at com.mkdevs.utils.FunctionCaller.askAndCall(FunctionCaller.java:52)
	at com.mkdevs.App.run(App.java:68)
	at org.springframework.boot.SpringApplication.callRunner(SpringApplication.java:804)
	at org.springframework.boot.SpringApplication.callRunners(SpringApplication.java:788)
	at org.springframework.boot.SpringApplication.run(SpringApplication.java:333)
	at org.springframework.boot.SpringApplication.run(SpringApplication.java:1309)
	at org.springframework.boot.SpringApplication.run(SpringApplication.java:1298)
	at com.mkdevs.App.main(App.java:34)
2021-04-16 18:03:56,073 ERROR com.mkdevs.App [main] the program encountered a problem and has to close
java.util.NoSuchElementException: No line found
	at java.base/java.util.Scanner.nextLine(Scanner.java:1651)
	at com.mkdevs.io.UserIOStdIO.getIntegerInput(UserIOStdIO.java:18)
	at com.mkdevs.utils.IOUtil.getIDableFomMap(IOUtil.java:48)
	at com.mkdevs.utils.FunctionCaller.askAndCall(FunctionCaller.java:52)
	at com.mkdevs.App.run(App.java:68)
	at org.springframework.boot.SpringApplication.callRunner(SpringApplication.java:804)
	at org.springframework.boot.SpringApplication.callRunners(SpringApplication.java:788)
	at org.springframework.boot.SpringApplication.run(SpringApplication.java:333)
	at org.springframework.boot.SpringApplication.run(SpringApplication.java:1309)
	at org.springframework.boot.SpringApplication.run(SpringApplication.java:1298)
	at com.mkdevs.App.main(App.java:34)
2021-04-16 18:03:56,075 ERROR com.mkdevs.App [main] the program encountered a problem and has to close
java.util.NoSuchElementException: No line found
	at java.base/java.util.Scanner.nextLine(Scanner.java:1651)
	at com.mkdevs.io.UserIOStdIO.getIntegerInput(UserIOStdIO.java:18)
	at com.mkdevs.utils.IOUtil.getIDableFomMap(IOUtil.java:48)
	at com.mkdevs.utils.FunctionCaller.askAndCall(FunctionCaller.java:52)
	at com.mkdevs.App.run(App.java:68)
	at org.springframework.boot.SpringApplication.callRunner(SpringApplication.java:804)
	at org.springframework.boot.SpringApplication.callRunners(SpringApplication.java:788)
	at org.springframework.boot.SpringApplication.run(SpringApplication.java:333)
	at org.springframework.boot.SpringApplication.run(SpringApplication.java:1309)
	at org.springframework.boot.SpringApplication.run(SpringApplication.java:1298)
	at com.mkdevs.App.main(App.java:34)
2021-04-16 18:03:56,077 ERROR com.mkdevs.App [main] the program encountered a problem and has to close
java.util.NoSuchElementException: No line found
	at java.base/java.util.Scanner.nextLine(Scanner.java:1651)
	at com.mkdevs.io.UserIOStdIO.getIntegerInput(UserIOStdIO.java:18)
	at com.mkdevs.utils.IOUtil.getIDableFomMap(IOUtil.java:48)
	at com.mkdevs.utils.FunctionCaller.askAndCall(FunctionCaller.java:52)
	at com.mkdevs.App.run(App.java:68)
	at org.springframework.boot.SpringApplication.callRunner(SpringApplication.java:804)
	at org.springframework.boot.SpringApplication.callRunners(SpringApplication.java:788)
	at org.springframework.boot.SpringApplication.run(SpringApplication.java:333)
	at org.springframework.boot.SpringApplication.run(SpringApplication.java:1309)
	at org.springframework.boot.SpringApplication.run(SpringApplication.java:1298)
	at com.mkdevs.App.main(App.java:34)
2021-04-16 18:03:56,079 ERROR com.mkdevs.App [main] the program encountered a problem and has to close
java.util.NoSuchElementException: No line found
	at java.base/java.util.Scanner.nextLine(Scanner.java:1651)
	at com.mkdevs.io.UserIOStdIO.getIntegerInput(UserIOStdIO.java:18)
	at com.mkdevs.utils.IOUtil.getIDableFomMap(IOUtil.java:48)
	at com.mkdevs.utils.FunctionCaller.askAndCall(FunctionCaller.java:52)
	at com.mkdevs.App.run(App.java:68)
	at org.springframework.boot.SpringApplication.callRunner(SpringApplication.java:804)
	at org.springframework.boot.SpringApplication.callRunners(SpringApplication.java:788)
	at org.springframework.boot.SpringApplication.run(SpringApplication.java:333)
	at org.springframework.boot.SpringApplication.run(SpringApplication.java:1309)
	at org.springframework.boot.SpringApplication.run(SpringApplication.java:1298)
	at com.mkdevs.App.main(App.java:34)
2021-04-16 18:03:56,081 ERROR com.mkdevs.App [main] the program encountered a problem and has to close
java.util.NoSuchElementException: No line found
	at java.base/java.util.Scanner.nextLine(Scanner.java:1651)
	at com.mkdevs.io.UserIOStdIO.getIntegerInput(UserIOStdIO.java:18)
	at com.mkdevs.utils.IOUtil.getIDableFomMap(IOUtil.java:48)
	at com.mkdevs.utils.FunctionCaller.askAndCall(FunctionCaller.java:52)
	at com.mkdevs.App.run(App.java:68)
	at org.springframework.boot.SpringApplication.callRunner(SpringApplication.java:804)
	at org.springframework.boot.SpringApplication.callRunners(SpringApplication.java:788)
	at org.springframework.boot.SpringApplication.run(SpringApplication.java:333)
	at org.springframework.boot.SpringApplication.run(SpringApplication.java:1309)
	at org.springframework.boot.SpringApplication.run(SpringApplication.java:1298)
	at com.mkdevs.App.main(App.java:34)
2021-04-16 18:03:56,427 ERROR com.mkdevs.App [main] the program encountered a problem and has to close
java.util.NoSuchElementException: No line found
	at java.base/java.util.Scanner.nextLine(Scanner.java:1651)
	at com.mkdevs.io.UserIOStdIO.getIntegerInput(UserIOStdIO.java:18)
	at com.mkdevs.utils.IOUtil.getIDableFomMap(IOUtil.java:48)
	at com.mkdevs.utils.FunctionCaller.askAndCall(FunctionCaller.java:52)
	at com.mkdevs.App.run(App.java:68)
	at org.springframework.boot.SpringApplication.callRunner(SpringApplication.java:804)
	at org.springframework.boot.SpringApplication.callRunners(SpringApplication.java:788)
	at org.springframework.boot.SpringApplication.run(SpringApplication.java:333)
	at org.springframework.boot.SpringApplication.run(SpringApplication.java:1309)
	at org.springframework.boot.SpringApplication.run(SpringApplication.java:1298)
	at com.mkdevs.App.main(App.java:34)
2021-04-16 18:03:56,429 ERROR com.mkdevs.App [main] the program encountered a problem and has to close
java.util.NoSuchElementException: No line found
	at java.base/java.util.Scanner.nextLine(Scanner.java:1651)
	at com.mkdevs.io.UserIOStdIO.getIntegerInput(UserIOStdIO.java:18)
	at com.mkdevs.utils.IOUtil.getIDableFomMap(IOUtil.java:48)
	at com.mkdevs.utils.FunctionCaller.askAndCall(FunctionCaller.java:52)
	at com.mkdevs.App.run(App.java:68)
	at org.springframework.boot.SpringApplication.callRunner(SpringApplication.java:804)
	at org.springframework.boot.SpringApplication.callRunners(SpringApplication.java:788)
	at org.springframework.boot.SpringApplication.run(SpringApplication.java:333)
	at org.springframework.boot.SpringApplication.run(SpringApplication.java:1309)
	at org.springframework.boot.SpringApplication.run(SpringApplication.java:1298)
	at com.mkdevs.App.main(App.java:34)
2021-04-16 18:03:56,433 ERROR com.mkdevs.App [main] the program encountered a problem and has to close
java.util.NoSuchElementException: No line found
	at java.base/java.util.Scanner.nextLine(Scanner.java:1651)
	at com.mkdevs.io.UserIOStdIO.getIntegerInput(UserIOStdIO.java:18)
	at com.mkdevs.utils.IOUtil.getIDableFomMap(IOUtil.java:48)
	at com.mkdevs.utils.FunctionCaller.askAndCall(FunctionCaller.java:52)
	at com.mkdevs.App.run(App.java:68)
	at org.springframework.boot.SpringApplication.callRunner(SpringApplication.java:804)
	at org.springframework.boot.SpringApplication.callRunners(SpringApplication.java:788)
	at org.springframework.boot.SpringApplication.run(SpringApplication.java:333)
	at org.springframework.boot.SpringApplication.run(SpringApplication.java:1309)
	at org.springframework.boot.SpringApplication.run(SpringApplication.java:1298)
	at com.mkdevs.App.main(App.java:34)
2021-04-16 18:03:56,438 ERROR com.mkdevs.App [main] the program encountered a problem and has to close
java.util.NoSuchElementException: No line found
	at java.base/java.util.Scanner.nextLine(Scanner.java:1651)
	at com.mkdevs.io.UserIOStdIO.getIntegerInput(UserIOStdIO.java:18)
	at com.mkdevs.utils.IOUtil.getIDableFomMap(IOUtil.java:48)
	at com.mkdevs.utils.FunctionCaller.askAndCall(FunctionCaller.java:52)
	at com.mkdevs.App.run(App.java:68)
	at org.springframework.boot.SpringApplication.callRunner(SpringApplication.java:804)
	at org.springframework.boot.SpringApplication.callRunners(SpringApplication.java:788)
	at org.springframework.boot.SpringApplication.run(SpringApplication.java:333)
	at org.springframework.boot.SpringApplication.run(SpringApplication.java:1309)
	at org.springframework.boot.SpringApplication.run(SpringApplication.java:1298)
	at com.mkdevs.App.main(App.java:34)
2021-04-16 18:03:56,440 ERROR com.mkdevs.App [main] the program encountered a problem and has to close
java.util.NoSuchElementException: No line found
	at java.base/java.util.Scanner.nextLine(Scanner.java:1651)
	at com.mkdevs.io.UserIOStdIO.getIntegerInput(UserIOStdIO.java:18)
	at com.mkdevs.utils.IOUtil.getIDableFomMap(IOUtil.java:48)
	at com.mkdevs.utils.FunctionCaller.askAndCall(FunctionCaller.java:52)
	at com.mkdevs.App.run(App.java:68)
	at org.springframework.boot.SpringApplication.callRunner(SpringApplication.java:804)
	at org.springframework.boot.SpringApplication.callRunners(SpringApplication.java:788)
	at org.springframework.boot.SpringApplication.run(SpringApplication.java:333)
	at org.springframework.boot.SpringApplication.run(SpringApplication.java:1309)
	at org.springframework.boot.SpringApplication.run(SpringApplication.java:1298)
	at com.mkdevs.App.main(App.java:34)
2021-04-16 18:03:56,442 ERROR com.mkdevs.App [main] the program encountered a problem and has to close
java.util.NoSuchElementException: No line found
	at java.base/java.util.Scanner.nextLine(Scanner.java:1651)
	at com.mkdevs.io.UserIOStdIO.getIntegerInput(UserIOStdIO.java:18)
	at com.mkdevs.utils.IOUtil.getIDableFomMap(IOUtil.java:48)
	at com.mkdevs.utils.FunctionCaller.askAndCall(FunctionCaller.java:52)
	at com.mkdevs.App.run(App.java:68)
	at org.springframework.boot.SpringApplication.callRunner(SpringApplication.java:804)
	at org.springframework.boot.SpringApplication.callRunners(SpringApplication.java:788)
	at org.springframework.boot.SpringApplication.run(SpringApplication.java:333)
	at org.springframework.boot.SpringApplication.run(SpringApplication.java:1309)
	at org.springframework.boot.SpringApplication.run(SpringApplication.java:1298)
	at com.mkdevs.App.main(App.java:34)
2021-04-16 18:03:56,443 ERROR com.mkdevs.App [main] the program encountered a problem and has to close
java.util.NoSuchElementException: No line found
	at java.base/java.util.Scanner.nextLine(Scanner.java:1651)
	at com.mkdevs.io.UserIOStdIO.getIntegerInput(UserIOStdIO.java:18)
	at com.mkdevs.utils.IOUtil.getIDableFomMap(IOUtil.java:48)
	at com.mkdevs.utils.FunctionCaller.askAndCall(FunctionCaller.java:52)
	at com.mkdevs.App.run(App.java:68)
	at org.springframework.boot.SpringApplication.callRunner(SpringApplication.java:804)
	at org.springframework.boot.SpringApplication.callRunners(SpringApplication.java:788)
	at org.springframework.boot.SpringApplication.run(SpringApplication.java:333)
	at org.springframework.boot.SpringApplication.run(SpringApplication.java:1309)
	at org.springframework.boot.SpringApplication.run(SpringApplication.java:1298)
	at com.mkdevs.App.main(App.java:34)
2021-04-16 18:03:56,445 ERROR com.mkdevs.App [main] the program encountered a problem and has to close
java.util.NoSuchElementException: No line found
	at java.base/java.util.Scanner.nextLine(Scanner.java:1651)
	at com.mkdevs.io.UserIOStdIO.getIntegerInput(UserIOStdIO.java:18)
	at com.mkdevs.utils.IOUtil.getIDableFomMap(IOUtil.java:48)
	at com.mkdevs.utils.FunctionCaller.askAndCall(FunctionCaller.java:52)
	at com.mkdevs.App.run(App.java:68)
	at org.springframework.boot.SpringApplication.callRunner(SpringApplication.java:804)
	at org.springframework.boot.SpringApplication.callRunners(SpringApplication.java:788)
	at org.springframework.boot.SpringApplication.run(SpringApplication.java:333)
	at org.springframework.boot.SpringApplication.run(SpringApplication.java:1309)
	at org.springframework.boot.SpringApplication.run(SpringApplication.java:1298)
	at com.mkdevs.App.main(App.java:34)
2021-04-16 18:03:56,446 ERROR com.mkdevs.App [main] the program encountered a problem and has to close
java.util.NoSuchElementException: No line found
	at java.base/java.util.Scanner.nextLine(Scanner.java:1651)
	at com.mkdevs.io.UserIOStdIO.getIntegerInput(UserIOStdIO.java:18)
	at com.mkdevs.utils.IOUtil.getIDableFomMap(IOUtil.java:48)
	at com.mkdevs.utils.FunctionCaller.askAndCall(FunctionCaller.java:52)
	at com.mkdevs.App.run(App.java:68)
	at org.springframework.boot.SpringApplication.callRunner(SpringApplication.java:804)
	at org.springframework.boot.SpringApplication.callRunners(SpringApplication.java:788)
	at org.springframework.boot.SpringApplication.run(SpringApplication.java:333)
	at org.springframework.boot.SpringApplication.run(SpringApplication.java:1309)
	at org.springframework.boot.SpringApplication.run(SpringApplication.java:1298)
	at com.mkdevs.App.main(App.java:34)
2021-04-16 18:03:56,448 ERROR com.mkdevs.App [main] the program encountered a problem and has to close
java.util.NoSuchElementException: No line found
	at java.base/java.util.Scanner.nextLine(Scanner.java:1651)
	at com.mkdevs.io.UserIOStdIO.getIntegerInput(UserIOStdIO.java:18)
	at com.mkdevs.utils.IOUtil.getIDableFomMap(IOUtil.java:48)
	at com.mkdevs.utils.FunctionCaller.askAndCall(FunctionCaller.java:52)
	at com.mkdevs.App.run(App.java:68)
	at org.springframework.boot.SpringApplication.callRunner(SpringApplication.java:804)
	at org.springframework.boot.SpringApplication.callRunners(SpringApplication.java:788)
	at org.springframework.boot.SpringApplication.run(SpringApplication.java:333)
	at org.springframework.boot.SpringApplication.run(SpringApplication.java:1309)
	at org.springframework.boot.SpringApplication.run(SpringApplication.java:1298)
	at com.mkdevs.App.main(App.java:34)
2021-04-16 18:03:56,449 ERROR com.mkdevs.App [main] the program encountered a problem and has to close
java.util.NoSuchElementException: No line found
	at java.base/java.util.Scanner.nextLine(Scanner.java:1651)
	at com.mkdevs.io.UserIOStdIO.getIntegerInput(UserIOStdIO.java:18)
	at com.mkdevs.utils.IOUtil.getIDableFomMap(IOUtil.java:48)
	at com.mkdevs.utils.FunctionCaller.askAndCall(FunctionCaller.java:52)
	at com.mkdevs.App.run(App.java:68)
	at org.springframework.boot.SpringApplication.callRunner(SpringApplication.java:804)
	at org.springframework.boot.SpringApplication.callRunners(SpringApplication.java:788)
	at org.springframework.boot.SpringApplication.run(SpringApplication.java:333)
	at org.springframework.boot.SpringApplication.run(SpringApplication.java:1309)
	at org.springframework.boot.SpringApplication.run(SpringApplication.java:1298)
	at com.mkdevs.App.main(App.java:34)
2021-04-16 18:03:56,451 ERROR com.mkdevs.App [main] the program encountered a problem and has to close
java.util.NoSuchElementException: No line found
	at java.base/java.util.Scanner.nextLine(Scanner.java:1651)
	at com.mkdevs.io.UserIOStdIO.getIntegerInput(UserIOStdIO.java:18)
	at com.mkdevs.utils.IOUtil.getIDableFomMap(IOUtil.java:48)
	at com.mkdevs.utils.FunctionCaller.askAndCall(FunctionCaller.java:52)
	at com.mkdevs.App.run(App.java:68)
	at org.springframework.boot.SpringApplication.callRunner(SpringApplication.java:804)
	at org.springframework.boot.SpringApplication.callRunners(SpringApplication.java:788)
	at org.springframework.boot.SpringApplication.run(SpringApplication.java:333)
	at org.springframework.boot.SpringApplication.run(SpringApplication.java:1309)
	at org.springframework.boot.SpringApplication.run(SpringApplication.java:1298)
	at com.mkdevs.App.main(App.java:34)
2021-04-16 18:03:56,452 ERROR com.mkdevs.App [main] the program encountered a problem and has to close
java.util.NoSuchElementException: No line found
	at java.base/java.util.Scanner.nextLine(Scanner.java:1651)
	at com.mkdevs.io.UserIOStdIO.getIntegerInput(UserIOStdIO.java:18)
	at com.mkdevs.utils.IOUtil.getIDableFomMap(IOUtil.java:48)
	at com.mkdevs.utils.FunctionCaller.askAndCall(FunctionCaller.java:52)
	at com.mkdevs.App.run(App.java:68)
	at org.springframework.boot.SpringApplication.callRunner(SpringApplication.java:804)
	at org.springframework.boot.SpringApplication.callRunners(SpringApplication.java:788)
	at org.springframework.boot.SpringApplication.run(SpringApplication.java:333)
	at org.springframework.boot.SpringApplication.run(SpringApplication.java:1309)
	at org.springframework.boot.SpringApplication.run(SpringApplication.java:1298)
	at com.mkdevs.App.main(App.java:34)
2021-04-16 18:03:56,460 ERROR com.mkdevs.App [main] the program encountered a problem and has to close
java.util.NoSuchElementException: No line found
	at java.base/java.util.Scanner.nextLine(Scanner.java:1651)
	at com.mkdevs.io.UserIOStdIO.getIntegerInput(UserIOStdIO.java:18)
	at com.mkdevs.utils.IOUtil.getIDableFomMap(IOUtil.java:48)
	at com.mkdevs.utils.FunctionCaller.askAndCall(FunctionCaller.java:52)
	at com.mkdevs.App.run(App.java:68)
	at org.springframework.boot.SpringApplication.callRunner(SpringApplication.java:804)
	at org.springframework.boot.SpringApplication.callRunners(SpringApplication.java:788)
	at org.springframework.boot.SpringApplication.run(SpringApplication.java:333)
	at org.springframework.boot.SpringApplication.run(SpringApplication.java:1309)
	at org.springframework.boot.SpringApplication.run(SpringApplication.java:1298)
	at com.mkdevs.App.main(App.java:34)
2021-04-16 18:03:56,464 ERROR com.mkdevs.App [main] the program encountered a problem and has to close
java.util.NoSuchElementException: No line found
	at java.base/java.util.Scanner.nextLine(Scanner.java:1651)
	at com.mkdevs.io.UserIOStdIO.getIntegerInput(UserIOStdIO.java:18)
	at com.mkdevs.utils.IOUtil.getIDableFomMap(IOUtil.java:48)
	at com.mkdevs.utils.FunctionCaller.askAndCall(FunctionCaller.java:52)
	at com.mkdevs.App.run(App.java:68)
	at org.springframework.boot.SpringApplication.callRunner(SpringApplication.java:804)
	at org.springframework.boot.SpringApplication.callRunners(SpringApplication.java:788)
	at org.springframework.boot.SpringApplication.run(SpringApplication.java:333)
	at org.springframework.boot.SpringApplication.run(SpringApplication.java:1309)
	at org.springframework.boot.SpringApplication.run(SpringApplication.java:1298)
	at com.mkdevs.App.main(App.java:34)
2021-04-16 18:03:56,469 ERROR com.mkdevs.App [main] the program encountered a problem and has to close
java.util.NoSuchElementException: No line found
	at java.base/java.util.Scanner.nextLine(Scanner.java:1651)
	at com.mkdevs.io.UserIOStdIO.getIntegerInput(UserIOStdIO.java:18)
	at com.mkdevs.utils.IOUtil.getIDableFomMap(IOUtil.java:48)
	at com.mkdevs.utils.FunctionCaller.askAndCall(FunctionCaller.java:52)
	at com.mkdevs.App.run(App.java:68)
	at org.springframework.boot.SpringApplication.callRunner(SpringApplication.java:804)
	at org.springframework.boot.SpringApplication.callRunners(SpringApplication.java:788)
	at org.springframework.boot.SpringApplication.run(SpringApplication.java:333)
	at org.springframework.boot.SpringApplication.run(SpringApplication.java:1309)
	at org.springframework.boot.SpringApplication.run(SpringApplication.java:1298)
	at com.mkdevs.App.main(App.java:34)
2021-04-16 18:03:56,472 ERROR com.mkdevs.App [main] the program encountered a problem and has to close
java.util.NoSuchElementException: No line found
	at java.base/java.util.Scanner.nextLine(Scanner.java:1651)
	at com.mkdevs.io.UserIOStdIO.getIntegerInput(UserIOStdIO.java:18)
	at com.mkdevs.utils.IOUtil.getIDableFomMap(IOUtil.java:48)
	at com.mkdevs.utils.FunctionCaller.askAndCall(FunctionCaller.java:52)
	at com.mkdevs.App.run(App.java:68)
	at org.springframework.boot.SpringApplication.callRunner(SpringApplication.java:804)
	at org.springframework.boot.SpringApplication.callRunners(SpringApplication.java:788)
	at org.springframework.boot.SpringApplication.run(SpringApplication.java:333)
	at org.springframework.boot.SpringApplication.run(SpringApplication.java:1309)
	at org.springframework.boot.SpringApplication.run(SpringApplication.java:1298)
	at com.mkdevs.App.main(App.java:34)
2021-04-16 18:03:56,473 ERROR com.mkdevs.App [main] the program encountered a problem and has to close
java.util.NoSuchElementException: No line found
	at java.base/java.util.Scanner.nextLine(Scanner.java:1651)
	at com.mkdevs.io.UserIOStdIO.getIntegerInput(UserIOStdIO.java:18)
	at com.mkdevs.utils.IOUtil.getIDableFomMap(IOUtil.java:48)
	at com.mkdevs.utils.FunctionCaller.askAndCall(FunctionCaller.java:52)
	at com.mkdevs.App.run(App.java:68)
	at org.springframework.boot.SpringApplication.callRunner(SpringApplication.java:804)
	at org.springframework.boot.SpringApplication.callRunners(SpringApplication.java:788)
	at org.springframework.boot.SpringApplication.run(SpringApplication.java:333)
	at org.springframework.boot.SpringApplication.run(SpringApplication.java:1309)
	at org.springframework.boot.SpringApplication.run(SpringApplication.java:1298)
	at com.mkdevs.App.main(App.java:34)
2021-04-16 18:04:05,948 INFO org.springframework.boot.StartupInfoLogger [main] Starting App using Java 11.0.8 on mike-ThinkPad-X220 with PID 24261 (/home/mike/Dropbox/JavaProjects/oop-demo/target/classes started by mike in /home/mike/Dropbox/JavaProjects/oop-demo)
2021-04-16 18:04:05,952 INFO org.springframework.boot.SpringApplication [main] No active profile set, falling back to default profiles: default
2021-04-16 18:04:06,697 INFO org.springframework.boot.StartupInfoLogger [main] Started App in 1.585 seconds (JVM running for 2.225)
